2021-08-07T23:36:51.689125700: [[]
2021-08-07T23:36:51.890002700: [Location{name='Deep forest', description='A deep forest', type='forest', id='basic:deep_forest'}]
2021-08-07T23:36:51.894998: [Keyword{name='go', description='Moves the player into this position', args=null, methodName='com.safenar.Methods.go()'}, Keyword{name='help', description='Displays help message', args=null, methodName='com.safenar.Methods.help()'}]
2021-08-07T23:36:51.896997200: storypacks = [C:\Users\Janek\storypacks\basic]
2021-08-08T23:44:37.989888500: [Location{name='Deep forest', description='A deep forest', type='forest', id='basic:deep_forest'}]
2021-08-08T23:44:38.012875400: [Keyword{name='go', description='Moves the player into this position', args=null, methodName='com.safenar.Methods.go(intint)'}, Keyword{name='help', description='Displays help message', args=null, methodName='com.safenar.Methods.help()'}]
2021-08-08T23:44:38.013875200: storypacks = [C:\Users\Janek\storypacks\basic]
2021-08-08T23:44:38.040858300: go-Moves the player into this position

2021-08-08T23:45:51.843358600: [Location{name='Deep forest', description='A deep forest', type='forest', id='basic:deep_forest'}]
2021-08-08T23:45:51.856379800: [Keyword{name='go', description='Moves the player into this position', args=null, methodName='com.safenar.Methods.go(intint)'}, Keyword{name='help', description='Displays help message', args=null, methodName='com.safenar.Methods.help()'}]
2021-08-08T23:45:51.883386400: storypacks = [C:\Users\Janek\storypacks\basic]
2021-08-08T23:45:51.906370300: go-Moves the player into this position

2021-08-08T23:45:51.909369700: help-Displays help message

2021-08-08T23:46:53.447604100: [Location{name='Deep forest', description='A deep forest', type='forest', id='basic:deep_forest'}]
2021-08-08T23:46:53.451593: [Keyword{name='go', description='Moves the player into this position', args=null, methodName='com.safenar.Methods.go(intint)'}, Keyword{name='help', description='Displays help message', args=null, methodName='com.safenar.Methods.help()'}]
2021-08-08T23:46:53.452591900: storypacks = [C:\Users\Janek\storypacks\basic]
2021-08-08T23:46:53.453591800: 


2021-08-08T23:46:53.475578100: go-Moves the player into this position

2021-08-08T23:46:53.489596900: help-Displays help message

2021-08-08T23:47:14.562167: [Location{name='Deep forest', description='A deep forest', type='forest', id='basic:deep_forest'}]
2021-08-08T23:47:14.566164600: [Keyword{name='go', description='Moves the player into this position', args=null, methodName='com.safenar.Methods.go(intint)'}, Keyword{name='help', description='Displays help message', args=null, methodName='com.safenar.Methods.help()'}]
2021-08-08T23:47:14.567163700: storypacks = [C:\Users\Janek\storypacks\basic]
2021-08-08T23:47:14.568163700: 


2021-08-08T23:47:14.622130100: go-Moves the player into this position
2021-08-08T23:47:14.625128200: help-Displays help message
2021-08-08T23:47:42.033115800: [Location{name='Deep forest', description='A deep forest', type='forest', id='basic:deep_forest'}]
2021-08-08T23:47:42.037114400: [Keyword{name='go', description='Moves the player into this position', args=null, methodName='com.safenar.Methods.go(intint)'}, Keyword{name='help', description='Displays help message', args=null, methodName='com.safenar.Methods.help()'}]
2021-08-08T23:47:42.039113700: storypacks = [C:\Users\Janek\storypacks\basic]
2021-08-08T23:47:42.039113700: 

2021-08-08T23:47:42.041112600: go-Moves the player into this position
2021-08-08T23:47:42.042112300: help-Displays help message
2021-08-10T14:42:41.451693200: [Location{name='Deep forest', description='A deep forest', type='forest', id='basic:deep_forest'}]
2021-08-10T14:42:41.498664200: [Keyword{name='go', description='Moves the player into this position', args=null, methodName='com.safenar.Methods.go(intint)', alt=null}, Keyword{name='help', description='Displays help message', args=null, methodName='com.safenar.Methods.help()', alt=null}]
2021-08-10T14:42:41.502661500: storypacks = [C:\Users\Janek\storypacks\basic]
2021-08-10T14:42:41.502661500: 

2021-08-10T14:42:41.658508700: go-Moves the player into this position
2021-08-10T14:42:41.660025: help-Displays help message
2021-08-10T14:42:59.149336700: [Location{name='Deep forest', description='A deep forest', type='forest', id='basic:deep_forest'}]
2021-08-10T14:42:59.164327700: [Keyword{name='go', description='Moves the player into this position', args=null, methodName='com.safenar.Methods.go(intint)', alt=null}, Keyword{name='help', description='Displays help message', args=null, methodName='com.safenar.Methods.help()', alt=null}]
2021-08-10T14:42:59.175321400: storypacks = [C:\Users\Janek\storypacks\basic]
2021-08-10T14:42:59.178320300: 

2021-08-10T14:42:59.213297800: go-Moves the player into this position
2021-08-10T14:42:59.214297600: help-Displays help message
